<?xml version="1.0" encoding="UTF-8"?>
<!-- Generated by org.testng.reporters.JUnitReportReporter -->
<testsuite hostname="Rajatkumar" failures="0" tests="3" name="com.rajatpracticeTestNG.testscript.ProjectModule" time="13.342" errors="0" timestamp="2023-07-08T11:08:14 IST" skipped="0">
  <testcase classname="com.rajatpracticeTestNG.testscript.ProjectModule" name="deleteProject" time="2.043">
    <system-out>
      <![CDATA[Delete Project]]>
    </system-out>
  </testcase> <!-- deleteProject -->
  <testcase classname="com.rajatpracticeTestNG.testscript.ProjectModule" name="modifyProject" time="1.761">
    <system-out>
      <![CDATA[MOdify Project]]>
    </system-out>
  </testcase> <!-- modifyProject -->
  <testcase classname="com.rajatpracticeTestNG.testscript.ProjectModule" name="CreateProject" time="9.538">
    <system-out>
      <![CDATA[Create Project]]>
    </system-out>
  </testcase> <!-- CreateProject -->
  <system-out>
    <![CDATA[Open Browser
Login
Create Project
Login
Delete Project
Login
MOdify Project
Close Browser]]>
  </system-out>
</testsuite> <!-- com.rajatpracticeTestNG.testscript.ProjectModule -->
