<?xml version="1.0" encoding="UTF-8"?>
<!-- Generated by org.testng.reporters.JUnitReportReporter -->
<testsuite hostname="Rajatkumar" failures="0" tests="4" name="com.actitime.testscript.CreateCustomer2" time="0.035" errors="0" timestamp="2023-05-09T13:50:29 IST" skipped="0">
  <testcase classname="com.actitime.testscript.CreateCustomer2" name="editCustomer" time="0.004"/>
  <system-out>
    <![CDATA[Edit Customer]]>
  </system-out>
  <testcase classname="com.actitime.testscript.CreateCustomer2" name="deleteCustomer" time="0.021"/>
  <system-out>
    <![CDATA[Delete Customer]]>
  </system-out>
  <testcase classname="com.actitime.testscript.CreateCustomer2" name="registerCustomer" time="0.007"/>
  <system-out>
    <![CDATA[Register Customer]]>
  </system-out>
  <testcase classname="com.actitime.testscript.CreateCustomer2" name="registerCustomer" time="0.003"/>
  <system-out>
    <![CDATA[Register Customer]]>
  </system-out>
</testsuite> <!-- com.actitime.testscript.CreateCustomer2 -->
