<?xml version="1.0" encoding="UTF-8"?>
<!-- Generated by org.testng.reporters.JUnitReportReporter -->
<testsuite hostname="Rajatkumar" failures="0" tests="1" name="com.actitime.pom.TestMethodCls" time="12.300" errors="0" timestamp="2023-05-18T18:44:34 IST" skipped="0">
  <testcase classname="com.actitime.pom.TestMethodCls" name="validLogin" time="12.300"/>
  <system-out/>
</testsuite> <!-- com.actitime.pom.TestMethodCls -->
