<?xml version="1.0" encoding="UTF-8"?>
<!-- Generated by org.testng.reporters.JUnitReportReporter -->
<testsuite hostname="Rajatkumar" failures="0" tests="5" name="com.rajatpracticeTestNG.testscript.CustomerModuleSample" time="0.039" errors="0" timestamp="2023-06-07T13:32:41 IST" skipped="0">
  <testcase classname="com.rajatpracticeTestNG.testscript.CustomerModuleSample" name="deleteCustomer" time="0.003"/>
  <system-out>
    <![CDATA[Delete Customer]]>
  </system-out>
  <testcase classname="com.rajatpracticeTestNG.testscript.CustomerModuleSample" name="modifyCustomer" time="0.003"/>
  <system-out>
    <![CDATA[Modify Customer]]>
  </system-out>
  <testcase classname="com.rajatpracticeTestNG.testscript.CustomerModuleSample" name="createCustomer" time="0.025"/>
  <system-out>
    <![CDATA[Create Customer]]>
  </system-out>
  <testcase classname="com.rajatpracticeTestNG.testscript.CustomerModuleSample" name="createCustomer" time="0.004"/>
  <system-out>
    <![CDATA[Create Customer]]>
  </system-out>
  <testcase classname="com.rajatpracticeTestNG.testscript.CustomerModuleSample" name="createCustomer" time="0.004"/>
  <system-out>
    <![CDATA[Create Customer]]>
  </system-out>
</testsuite> <!-- com.rajatpracticeTestNG.testscript.CustomerModuleSample -->
