<?xml version="1.0" encoding="UTF-8"?>
<!-- Generated by org.testng.reporters.JUnitReportReporter -->
<testsuite hostname="Rajatkumar" failures="0" tests="1" name="com.actitime.testscript.TestNgDemo" time="0.019" errors="0" timestamp="2023-05-18T15:38:14 IST" skipped="0">
  <testcase classname="com.actitime.testscript.TestNgDemo" name="testNG" time="0.019"/>
  <system-out>
    <![CDATA[Bye
Hello
Welcome]]>
  </system-out>
</testsuite> <!-- com.actitime.testscript.TestNgDemo -->
