<?xml version="1.0" encoding="UTF-8"?>
<!-- Generated by org.testng.reporters.JUnitReportReporter -->
<testsuite hostname="Rajatkumar" failures="0" tests="4" name="com.rajatpracticeTestNG.testscript.createCustomer2" time="0.037" errors="0" timestamp="2023-06-07T17:43:49 IST" skipped="0">
  <testcase classname="com.rajatpracticeTestNG.testscript.createCustomer2" name="editCustomer" time="0.006"/>
  <system-out>
    <![CDATA[Edit Customer]]>
  </system-out>
  <testcase classname="com.rajatpracticeTestNG.testscript.createCustomer2" name="deleteCustomer" time="0.020"/>
  <system-out>
    <![CDATA[Delete customre]]>
  </system-out>
  <testcase classname="com.rajatpracticeTestNG.testscript.createCustomer2" name="registerCustomer" time="0.007"/>
  <system-out>
    <![CDATA[Regisger Customer]]>
  </system-out>
  <testcase classname="com.rajatpracticeTestNG.testscript.createCustomer2" name="registerCustomer" time="0.004"/>
  <system-out>
    <![CDATA[Regisger Customer]]>
  </system-out>
</testsuite> <!-- com.rajatpracticeTestNG.testscript.createCustomer2 -->
