<?xml version="1.0" encoding="UTF-8"?>
<!-- Generated by org.testng.reporters.JUnitReportReporter -->
<testsuite hostname="Rajatkumar" failures="0" tests="5" name="com.rajat.testscript.CustomerModule" time="0.034" errors="0" timestamp="2023-05-26T18:14:01 IST" skipped="0">
  <testcase classname="com.rajat.testscript.CustomerModule" name="CreateCustomer" time="0.021"/>
  <system-out>
    <![CDATA[Create Customer]]>
  </system-out>
  <testcase classname="com.rajat.testscript.CustomerModule" name="CreateCustomer" time="0.006"/>
  <system-out>
    <![CDATA[Create Customer]]>
  </system-out>
  <testcase classname="com.rajat.testscript.CustomerModule" name="CreateCustomer" time="0.002"/>
  <system-out>
    <![CDATA[Create Customer]]>
  </system-out>
  <testcase classname="com.rajat.testscript.CustomerModule" name="modifyCustomer" time="0.002"/>
  <system-out>
    <![CDATA[MOdify Customer]]>
  </system-out>
  <testcase classname="com.rajat.testscript.CustomerModule" name="deleteCustomer" time="0.003"/>
  <system-out>
    <![CDATA[Delete Customer]]>
  </system-out>
</testsuite> <!-- com.rajat.testscript.CustomerModule -->
