<?xml version="1.0" encoding="UTF-8"?>
<!-- Generated by org.testng.reporters.JUnitReportReporter -->
<testsuite hostname="Rajatkumar" failures="0" tests="5" name="com.actitime.testscript.CustomerModule" time="0.031" errors="0" timestamp="2023-07-07T11:57:56 IST" skipped="0">
  <testcase classname="com.actitime.testscript.CustomerModule" name="createCustomer" time="0.020">
    <system-out>
      <![CDATA[createCustomer]]>
    </system-out>
  </testcase> <!-- createCustomer -->
  <testcase classname="com.actitime.testscript.CustomerModule" name="createCustomer" time="0.003">
    <system-out>
      <![CDATA[createCustomer]]>
    </system-out>
  </testcase> <!-- createCustomer -->
  <testcase classname="com.actitime.testscript.CustomerModule" name="createCustomer" time="0.002">
    <system-out>
      <![CDATA[createCustomer]]>
    </system-out>
  </testcase> <!-- createCustomer -->
  <testcase classname="com.actitime.testscript.CustomerModule" name="modifyCustomer" time="0.002">
    <system-out>
      <![CDATA[modifyCustomer]]>
    </system-out>
  </testcase> <!-- modifyCustomer -->
  <testcase classname="com.actitime.testscript.CustomerModule" name="deleteCustomer" time="0.004">
    <system-out>
      <![CDATA[deleteCustomer]]>
    </system-out>
  </testcase> <!-- deleteCustomer -->
  <system-out>
    <![CDATA[createCustomer
createCustomer
createCustomer
modifyCustomer
deleteCustomer]]>
  </system-out>
</testsuite> <!-- com.actitime.testscript.CustomerModule -->
