<?xml version="1.0" encoding="UTF-8"?>
<!-- Generated by org.testng.reporters.JUnitReportReporter -->
<testsuite hostname="Rajatkumar" failures="0" tests="2" name="com.actitime.testscript.CustomerModule1" time="0.026" errors="0" timestamp="2023-07-07T11:58:55 IST" skipped="0">
  <testcase classname="com.actitime.testscript.CustomerModule1" name="deleteCustomer" time="0.007">
    <system-out>
      <![CDATA[Delete Customer]]>
    </system-out>
  </testcase> <!-- deleteCustomer -->
  <testcase classname="com.actitime.testscript.CustomerModule1" name="createCustomer" time="0.019">
    <system-out>
      <![CDATA[Create Customer]]>
    </system-out>
  </testcase> <!-- createCustomer -->
  <system-out>
    <![CDATA[Open Browser
Login 
Create Customer
Logout 
Login 
Delete Customer
Logout 
Close Browser]]>
  </system-out>
</testsuite> <!-- com.actitime.testscript.CustomerModule1 -->
