<?xml version="1.0" encoding="UTF-8"?>
<!-- Generated by org.testng.reporters.JUnitReportReporter -->
<testsuite hostname="Rajatkumar" failures="0" tests="1" name="com.actitime.testscript.Demotest" time="0.030" errors="0" timestamp="2023-05-01T16:18:34 IST" skipped="0">
  <testcase classname="com.actitime.testscript.Demotest" name="demoTest" time="0.030"/>
  <system-out>
    <![CDATA[HI]]>
  </system-out>
</testsuite> <!-- com.actitime.testscript.Demotest -->
