<?xml version="1.0" encoding="UTF-8"?>
<!-- Generated by org.testng.reporters.JUnitReportReporter -->
<testsuite hostname="Rajatkumar" failures="0" tests="1" name="com.actitime.testscript.DemoScreenshot" time="6.908" errors="0" timestamp="2023-08-03T16:35:17 IST" skipped="0">
  <testcase classname="com.actitime.testscript.DemoScreenshot" name="screenshot" time="6.908"/>
</testsuite> <!-- com.actitime.testscript.DemoScreenshot -->
