<?xml version="1.0" encoding="UTF-8"?>
<!-- Generated by org.testng.reporters.JUnitReportReporter -->
<testsuite hostname="Rajatkumar" failures="0" tests="2" name="com.rajatpracticeTestNG.testscript.CustomerModule" time="0.026" errors="0" timestamp="2023-06-07T17:30:00 IST" skipped="0">
  <testcase classname="com.rajatpracticeTestNG.testscript.CustomerModule" name="createCustomer" time="0.021"/>
  <system-out>
    <![CDATA[Create Customer]]>
  </system-out>
  <testcase classname="com.rajatpracticeTestNG.testscript.CustomerModule" name="deleteCustomer" time="0.005"/>
  <system-out>
    <![CDATA[Delete Customer]]>
  </system-out>
</testsuite> <!-- com.rajatpracticeTestNG.testscript.CustomerModule -->
